Using pre-set license
Built from '2021.3/staging' branch; Version is '2021.3.23f1 (213b516bf396) revision 2177873'; Using compiler version '192829333'; Build Type 'Release'
OS: 'Windows 10  (10.0.19045) 64bit Core' Language: 'ja' Physical Memory: 7822 MB
BatchMode: 1, IsHumanControllingUs: 0, StartBugReporterOnCrash: 0, Is64bit: 1, IsPro: 1

COMMAND LINE ARGUMENTS:
C:\Users\admin\Desktop\proenn\2021.3.23f1\Editor\Unity.exe
-adb2
-batchMode
-noUpm
-name
AssetImportWorker0
-projectPath
C:/Users/admin/Desktop/Game
-logFile
Logs/AssetImportWorker0.log
-srvPort
51525
Successfully changed project path to: C:/Users/admin/Desktop/Game
C:/Users/admin/Desktop/Game
[UnityMemory] Configuration Parameters - Can be set up in boot.config
    "memorysetup-bucket-allocator-granularity=16"
    "memorysetup-bucket-allocator-bucket-count=8"
    "memorysetup-bucket-allocator-block-size=33554432"
    "memorysetup-bucket-allocator-block-count=8"
    "memorysetup-main-allocator-block-size=16777216"
    "memorysetup-thread-allocator-block-size=16777216"
    "memorysetup-gfx-main-allocator-block-size=16777216"
    "memorysetup-gfx-thread-allocator-block-size=16777216"
    "memorysetup-cache-allocator-block-size=4194304"
    "memorysetup-typetree-allocator-block-size=2097152"
    "memorysetup-profiler-bucket-allocator-granularity=16"
    "memorysetup-profiler-bucket-allocator-bucket-count=8"
    "memorysetup-profiler-bucket-allocator-block-size=33554432"
    "memorysetup-profiler-bucket-allocator-block-count=8"
    "memorysetup-profiler-allocator-block-size=16777216"
    "memorysetup-profiler-editor-allocator-block-size=1048576"
    "memorysetup-temp-allocator-size-main=16777216"
    "memorysetup-job-temp-allocator-block-size=2097152"
    "memorysetup-job-temp-allocator-block-size-background=1048576"
    "memorysetup-job-temp-allocator-reduction-small-platforms=262144"
    "memorysetup-temp-allocator-size-background-worker=32768"
    "memorysetup-temp-allocator-size-job-worker=262144"
    "memorysetup-temp-allocator-size-preload-manager=33554432"
    "memorysetup-temp-allocator-size-nav-mesh-worker=65536"
    "memorysetup-temp-allocator-size-audio-worker=65536"
    "memorysetup-temp-allocator-size-cloud-worker=32768"
    "memorysetup-temp-allocator-size-gi-baking-worker=262144"
    "memorysetup-temp-allocator-size-gfx=262144"
Player connection [5128] Host "[IP] 10.201.80.75 [Port] 0 [Flags] 2 [Guid] 1528751723 [EditorId] 1528751723 [Version] 1048832 [Id] WindowsEditor(7,LAPTOP-O7TKIK6S) [Debug] 1 [PackageName] WindowsEditor [ProjectName] Editor" joined multi-casting on [225.0.0.222:54997]...

Player connection [5128] Host "[IP] 10.201.80.75 [Port] 0 [Flags] 2 [Guid] 1528751723 [EditorId] 1528751723 [Version] 1048832 [Id] WindowsEditor(7,LAPTOP-O7TKIK6S) [Debug] 1 [PackageName] WindowsEditor [ProjectName] Editor" joined alternative multi-casting on [225.0.0.222:34997]...

Refreshing native plugins compatible for Editor in 92.98 ms, found 3 plugins.
Preloading 0 native plugins for Editor in 0.00 ms.
Initialize engine version: 2021.3.23f1 (213b516bf396)
[Subsystems] Discovering subsystems at path C:/Users/admin/Desktop/proenn/2021.3.23f1/Editor/Data/Resources/UnitySubsystems
[Subsystems] Discovering subsystems at path C:/Users/admin/Desktop/Game/Assets
GfxDevice: creating device client; threaded=0; jobified=0
Direct3D:
    Version:  Direct3D 11.0 [level 11.1]
    Renderer: Intel(R) Iris(R) Xe Graphics (ID=0x9a49)
    Vendor:   Intel
    VRAM:     3911 MB
    Driver:   31.0.101.5333
Initialize mono
Mono path[0] = 'C:/Users/admin/Desktop/proenn/2021.3.23f1/Editor/Data/Managed'
Mono path[1] = 'C:/Users/admin/Desktop/proenn/2021.3.23f1/Editor/Data/MonoBleedingEdge/lib/mono/unityjit-win32'
Mono config path = 'C:/Users/admin/Desktop/proenn/2021.3.23f1/Editor/Data/MonoBleedingEdge/etc'
Using monoOptions --debugger-agent=transport=dt_socket,embedding=1,server=y,suspend=n,address=127.0.0.1:56592
Begin MonoManager ReloadAssembly
Registering precompiled unity dll's ...
Register platform support module: C:/Users/admin/Desktop/proenn/2021.3.23f1/Editor/Data/PlaybackEngines/WindowsStandaloneSupport/UnityEditor.WindowsStandalone.Extensions.dll
Registered in 0.012912 seconds.
Native extension for WindowsStandalone target not found
Refreshing native plugins compatible for Editor in 89.04 ms, found 3 plugins.
Preloading 0 native plugins for Editor in 0.00 ms.
Mono: successfully reloaded assembly
- Completed reload, in  0.892 seconds
Domain Reload Profiling:
	ReloadAssembly (893ms)
		BeginReloadAssembly (189ms)
			ExecutionOrderSort (0ms)
			DisableScriptedObjects (0ms)
			BackupInstance (0ms)
			ReleaseScriptingObjects (0ms)
			CreateAndSetChildDomain (1ms)
		EndReloadAssembly (540ms)
			LoadAssemblies (186ms)
			RebuildTransferFunctionScriptingTraits (0ms)
			SetupTypeCache (137ms)
			ReleaseScriptCaches (0ms)
			RebuildScriptCaches (36ms)
			SetupLoadedEditorAssemblies (309ms)
				LogAssemblyErrors (0ms)
				InitializePlatformSupportModulesInManaged (9ms)
				SetLoadedEditorAssemblies (0ms)
				RefreshPlugins (89ms)
				BeforeProcessingInitializeOnLoad (2ms)
				ProcessInitializeOnLoadAttributes (153ms)
				ProcessInitializeOnLoadMethodAttributes (56ms)
				AfterProcessingInitializeOnLoad (0ms)
				EditorAssembliesLoaded (0ms)
			ExecutionOrderSort2 (0ms)
			AwakeInstancesAfterBackupRestoration (0ms)
Platform modules already initialized, skipping
Registering precompiled user dll's ...
Registered in 0.004733 seconds.
Begin MonoManager ReloadAssembly
Symbol file LoadedFromMemory doesn't match image C:\Users\admin\Desktop\Game\Library\PackageCache\com.unity.visualscripting@1.8.0\Editor\VisualScripting.Core\Dependencies\YamlDotNet\Unity.VisualScripting.YamlDotNet.dll
Symbol file LoadedFromMemory doesn't match image C:\Users\admin\Desktop\Game\Library\PackageCache\com.unity.visualscripting@1.8.0\Editor\VisualScripting.Core\Dependencies\DotNetZip\Unity.VisualScripting.IonicZip.dll
Native extension for WindowsStandalone target not found
Refreshing native plugins compatible for Editor in 0.73 ms, found 3 plugins.
Preloading 0 native plugins for Editor in 0.00 ms.
Mono: successfully reloaded assembly
- Completed reload, in  1.198 seconds
Domain Reload Profiling:
	ReloadAssembly (1198ms)
		BeginReloadAssembly (144ms)
			ExecutionOrderSort (0ms)
			DisableScriptedObjects (6ms)
			BackupInstance (0ms)
			ReleaseScriptingObjects (0ms)
			CreateAndSetChildDomain (23ms)
		EndReloadAssembly (926ms)
			LoadAssemblies (174ms)
			RebuildTransferFunctionScriptingTraits (0ms)
			SetupTypeCache (242ms)
			ReleaseScriptCaches (1ms)
			RebuildScriptCaches (66ms)
			SetupLoadedEditorAssemblies (424ms)
				LogAssemblyErrors (0ms)
				InitializePlatformSupportModulesInManaged (6ms)
				SetLoadedEditorAssemblies (0ms)
				RefreshPlugins (1ms)
				BeforeProcessingInitializeOnLoad (79ms)
				ProcessInitializeOnLoadAttributes (306ms)
				ProcessInitializeOnLoadMethodAttributes (23ms)
				AfterProcessingInitializeOnLoad (9ms)
				EditorAssembliesLoaded (0ms)
			ExecutionOrderSort2 (0ms)
			AwakeInstancesAfterBackupRestoration (6ms)
Platform modules already initialized, skipping
========================================================================
Worker process is ready to serve import requests
Launched and connected shader compiler UnityShaderCompiler.exe after 0.09 seconds
Refreshing native plugins compatible for Editor in 1.07 ms, found 3 plugins.
Preloading 0 native plugins for Editor in 0.00 ms.
Unloading 3189 Unused Serialized files (Serialized files now loaded: 0)
Unloading 34 unused Assets / (121.1 KB). Loaded Objects now: 3652.
Memory consumption went from 123.0 MB to 122.9 MB.
Total: 4.607200 ms (FindLiveObjects: 0.435400 ms CreateObjectMapping: 0.122000 ms MarkObjects: 3.880900 ms  DeleteObjects: 0.167300 ms)

AssetImportParameters requested are different than current active one (requested -> active):
  custom:video-decoder-ogg-theora: a1e56fd34408186e4bbccfd4996cb3dc -> 
  custom:container-muxer-webm: aa71ff27fc2769a1b78a27578f13a17b -> 
  custom:container-demuxer-webm: 4f35f7cbe854078d1ac9338744f61a02 -> 
  custom:video-encoder-webm-vp8: eb34c28f22e8b96e1ab97ce403110664 -> 
  custom:video-codec-MediaFoundation-h265: 746d11721c4dcdbdad8f713fa42b33f4 -> 
  custom:audio-encoder-webm-vorbis: bf7c407c2cedff20999df2af8eb42d56 -> 
  custom:framework-win-MediaFoundation: 216162199b28c13a410421893ffa2e32 -> 
  custom:container-demuxer-ogg: 62fdf1f143b41e24485cea50d1cbac27 -> 
  custom:video-decoder-webm-vp8: 9c59270c3fd7afecdb556c50c9e8de78 -> 
  custom:audio-decoder-ogg-vorbis: bf7c407c2cedff20999df2af8eb42d56 -> 
========================================================================
Received Import Request.
  Time since last request: 684756.286033 seconds.
  path: Assets/Script
  artifactKey: Guid(7c8751968b61f9146b2ac8e4a0249a1e) Importer(815301076,1909f56bfc062723c751e8b465ee728b)
Start importing Assets/Script using Guid(7c8751968b61f9146b2ac8e4a0249a1e) Importer(815301076,1909f56bfc062723c751e8b465ee728b)  -> (artifact id: '36a5f52126bd6b7e0b9154cd78de21a3') in 0.027087 seconds 
========================================================================
Received Import Request.
  Time since last request: 227.024290 seconds.
  path: Assets/Material
  artifactKey: Guid(5aae43a278333204082abc0851541ed0) Importer(815301076,1909f56bfc062723c751e8b465ee728b)
Start importing Assets/Material using Guid(5aae43a278333204082abc0851541ed0) Importer(815301076,1909f56bfc062723c751e8b465ee728b)  -> (artifact id: '6ad229ae5e4427c8567430d4ad64133c') in 0.022357 seconds 
========================================================================
Received Import Request.
  Time since last request: 0.967238 seconds.
  path: Assets/NaaszArts
  artifactKey: Guid(159a8c6b86c5141ea8d639bc8073345d) Importer(815301076,1909f56bfc062723c751e8b465ee728b)
Start importing Assets/NaaszArts using Guid(159a8c6b86c5141ea8d639bc8073345d) Importer(815301076,1909f56bfc062723c751e8b465ee728b)  -> (artifact id: '3889787724220b15c6331b87b61d78fc') in 0.024594 seconds 
========================================================================
Received Import Request.
  Time since last request: 326.543846 seconds.
  path: Assets/NaaszArts/FantasyHouseBundle
  artifactKey: Guid(52e9dd0f7cb744500a5361fc34126006) Importer(815301076,1909f56bfc062723c751e8b465ee728b)
Start importing Assets/NaaszArts/FantasyHouseBundle using Guid(52e9dd0f7cb744500a5361fc34126006) Importer(815301076,1909f56bfc062723c751e8b465ee728b)  -> (artifact id: '548a8bac150af3746d0b5f113baeff4f') in 0.029337 seconds 
========================================================================
Received Import Request.
  Time since last request: 167.745137 seconds.
  path: Assets/Low-Poly Medieval Market
  artifactKey: Guid(152662971e5c6244e947b44be47bd5f7) Importer(815301076,1909f56bfc062723c751e8b465ee728b)
Start importing Assets/Low-Poly Medieval Market using Guid(152662971e5c6244e947b44be47bd5f7) Importer(815301076,1909f56bfc062723c751e8b465ee728b)  -> (artifact id: '9753cf28ce707a5793ed1ac8c9fd9e2c') in 0.020619 seconds 
========================================================================
Received Import Request.
  Time since last request: 0.842193 seconds.
  path: Assets/Blink
  artifactKey: Guid(c4a26492d3f21dc4fa60b112a92d8e3d) Importer(815301076,1909f56bfc062723c751e8b465ee728b)
Start importing Assets/Blink using Guid(c4a26492d3f21dc4fa60b112a92d8e3d) Importer(815301076,1909f56bfc062723c751e8b465ee728b)  -> (artifact id: 'd738a2366c6b87c97c74237bbf70f9e9') in 0.023203 seconds 
========================================================================
Received Import Request.
  Time since last request: 0.338553 seconds.
  path: Assets/Baker House
  artifactKey: Guid(e9874183e12b7bc4789b7d5a437aec03) Importer(815301076,1909f56bfc062723c751e8b465ee728b)
Start importing Assets/Baker House using Guid(e9874183e12b7bc4789b7d5a437aec03) Importer(815301076,1909f56bfc062723c751e8b465ee728b)  -> (artifact id: '8af01301c13d055fbd8e8eb288aae6f9') in 0.023122 seconds 
========================================================================
Received Import Request.
  Time since last request: 32.497418 seconds.
  path: Assets/Baker House/Prefabs/Baker_house.prefab
  artifactKey: Guid(1bbb91c8d96cb2446a07151ce95d1f0f) Importer(815301076,1909f56bfc062723c751e8b465ee728b)
Start importing Assets/Baker House/Prefabs/Baker_house.prefab using Guid(1bbb91c8d96cb2446a07151ce95d1f0f) Importer(815301076,1909f56bfc062723c751e8b465ee728b)  -> (artifact id: 'f0aec9585482933491515534b6eede7b') in 0.401760 seconds 
========================================================================
Received Import Request.
  Time since last request: 1.141719 seconds.
  path: Assets/Baker House/Prefabs/Barrel.prefab
  artifactKey: Guid(6e604c269b8519d4486bbbc982b9afa9) Importer(815301076,1909f56bfc062723c751e8b465ee728b)
Start importing Assets/Baker House/Prefabs/Barrel.prefab using Guid(6e604c269b8519d4486bbbc982b9afa9) Importer(815301076,1909f56bfc062723c751e8b465ee728b)  -> (artifact id: 'ce0c4a1c28ea63b56b4888cffb93975a') in 0.042778 seconds 
========================================================================
Received Import Request.
  Time since last request: 58.422770 seconds.
  path: Assets/Baker House/Textures/Baker_house.tif
  artifactKey: Guid(87eda9aa615f5e246ba04794b538dc0b) Importer(815301076,1909f56bfc062723c751e8b465ee728b)
Start importing Assets/Baker House/Textures/Baker_house.tif using Guid(87eda9aa615f5e246ba04794b538dc0b) Importer(815301076,1909f56bfc062723c751e8b465ee728b)  -> (artifact id: '4c15a428a66ce3ca68f542417590121b') in 0.119010 seconds 
========================================================================
Received Import Request.
  Time since last request: 79.155088 seconds.
  path: Assets/NaaszArts/FantasyHouseBundle/Materials
  artifactKey: Guid(92180b38e3f344a0ea6aeffed26f74dc) Importer(815301076,1909f56bfc062723c751e8b465ee728b)
Start importing Assets/NaaszArts/FantasyHouseBundle/Materials using Guid(92180b38e3f344a0ea6aeffed26f74dc) Importer(815301076,1909f56bfc062723c751e8b465ee728b)  -> (artifact id: 'e44012688306f7abcbc93acedc951ee8') in 0.021136 seconds 
========================================================================
Received Import Request.
  Time since last request: 1.360688 seconds.
  path: Assets/NaaszArts/FantasyHouseBundle/Prefabs/FantasyHosue.prefab
  artifactKey: Guid(6f197379f048542eaa14769591d67d0f) Importer(815301076,1909f56bfc062723c751e8b465ee728b)
Start importing Assets/NaaszArts/FantasyHouseBundle/Prefabs/FantasyHosue.prefab using Guid(6f197379f048542eaa14769591d67d0f) Importer(815301076,1909f56bfc062723c751e8b465ee728b)  -> (artifact id: '905601d401f888d52125d3c3bd6804a9') in 0.147541 seconds 
========================================================================
Received Import Request.
  Time since last request: 1042.125544 seconds.
  path: Assets/Blink/Art
  artifactKey: Guid(025e605853e13e143914c6df06ec479d) Importer(815301076,1909f56bfc062723c751e8b465ee728b)
Start importing Assets/Blink/Art using Guid(025e605853e13e143914c6df06ec479d) Importer(815301076,1909f56bfc062723c751e8b465ee728b)  -> (artifact id: '4fa6d54d7f43b3fe2268b87b7835d4d6') in 0.027533 seconds 
========================================================================
Received Import Request.
  Time since last request: 2.115513 seconds.
  path: Assets/Blink/Art/Weapons/LowPoly
  artifactKey: Guid(996ef57c16d97ff4ab6370a4a64be983) Importer(815301076,1909f56bfc062723c751e8b465ee728b)
Start importing Assets/Blink/Art/Weapons/LowPoly using Guid(996ef57c16d97ff4ab6370a4a64be983) Importer(815301076,1909f56bfc062723c751e8b465ee728b)  -> (artifact id: '1e83c3b5f4a4ee2be6bdb3a0f4ca6f98') in 0.028656 seconds 
========================================================================
Received Import Request.
  Time since last request: 9.390458 seconds.
  path: Assets/Blink/Art/Weapons/LowPoly/FreeRPGWeapons/Spears/Spear1h.fbx
  artifactKey: Guid(df3f07283842c864abb844da441c0bf8) Importer(815301076,1909f56bfc062723c751e8b465ee728b)
Start importing Assets/Blink/Art/Weapons/LowPoly/FreeRPGWeapons/Spears/Spear1h.fbx using Guid(df3f07283842c864abb844da441c0bf8) Importer(815301076,1909f56bfc062723c751e8b465ee728b)  -> (artifact id: '1020446efa72c2c7a9c700f41e8e743e') in 0.259655 seconds 
========================================================================
Received Import Request.
  Time since last request: 3.229154 seconds.
  path: Assets/Holy Assets Games
  artifactKey: Guid(9a01d13cd911d0947b3514f6f8fad400) Importer(815301076,1909f56bfc062723c751e8b465ee728b)
Start importing Assets/Holy Assets Games using Guid(9a01d13cd911d0947b3514f6f8fad400) Importer(815301076,1909f56bfc062723c751e8b465ee728b)  -> (artifact id: '74882f5a5b05d5ead3eb660217fd438c') in 0.028057 seconds 
========================================================================
Received Import Request.
  Time since last request: 1.912653 seconds.
  path: Assets/MedievalTownExteriors
  artifactKey: Guid(7763f44ae41f511438903f4a8e045213) Importer(815301076,1909f56bfc062723c751e8b465ee728b)
Start importing Assets/MedievalTownExteriors using Guid(7763f44ae41f511438903f4a8e045213) Importer(815301076,1909f56bfc062723c751e8b465ee728b)  -> (artifact id: 'cb4b989388af38ee59f6bea151dd2572') in 0.026295 seconds 
========================================================================
Received Import Request.
  Time since last request: 3.198392 seconds.
  path: Assets/MedievalTownExteriors/URP
  artifactKey: Guid(883582db8c448304d9c5eec4a9f00805) Importer(815301076,1909f56bfc062723c751e8b465ee728b)
Start importing Assets/MedievalTownExteriors/URP using Guid(883582db8c448304d9c5eec4a9f00805) Importer(815301076,1909f56bfc062723c751e8b465ee728b)  -> (artifact id: '0ea03977dd3f73dfdfae297d6e2d8d4f') in 0.027672 seconds 
========================================================================
Received Import Request.
  Time since last request: 0.275619 seconds.
  path: Assets/MedievalTownExteriors/Standard/Medieval Town Exteriors_2018.4.15_Standard.unitypackage
  artifactKey: Guid(64eb2140be423114a9b707a585fa71f7) Importer(815301076,1909f56bfc062723c751e8b465ee728b)
Start importing Assets/MedievalTownExteriors/Standard/Medieval Town Exteriors_2018.4.15_Standard.unitypackage using Guid(64eb2140be423114a9b707a585fa71f7) Importer(815301076,1909f56bfc062723c751e8b465ee728b)  -> (artifact id: '491306360c498c41bd4f398a6e34a3fb') in 0.041346 seconds 
========================================================================
Received Import Request.
  Time since last request: 139.835975 seconds.
  path: Assets/MedievalTownExteriors/Prefabs
  artifactKey: Guid(b9e409b6dbc6b8d4eb412e0f7e8c0be4) Importer(815301076,1909f56bfc062723c751e8b465ee728b)
Start importing Assets/MedievalTownExteriors/Prefabs using Guid(b9e409b6dbc6b8d4eb412e0f7e8c0be4) Importer(815301076,1909f56bfc062723c751e8b465ee728b)  -> (artifact id: '3ff88fa54a1c594c28f655aec85c90c5') in 0.026020 seconds 
========================================================================
Received Import Request.
  Time since last request: 0.318347 seconds.
  path: Assets/MedievalTownExteriors/Prefabs/Barrel.prefab
  artifactKey: Guid(28f91da9598e39e419f3030684719fcc) Importer(815301076,1909f56bfc062723c751e8b465ee728b)
Start importing Assets/MedievalTownExteriors/Prefabs/Barrel.prefab using Guid(28f91da9598e39e419f3030684719fcc) Importer(815301076,1909f56bfc062723c751e8b465ee728b)  -> (artifact id: 'baf32b3a8435ce4ad38f5d874349cf20') in 0.354762 seconds 
========================================================================
Received Import Request.
  Time since last request: 0.621010 seconds.
  path: Assets/MedievalTownExteriors/Prefabs/Bucket.prefab
  artifactKey: Guid(f7967af397df22847975f89c8e017716) Importer(815301076,1909f56bfc062723c751e8b465ee728b)
Start importing Assets/MedievalTownExteriors/Prefabs/Bucket.prefab using Guid(f7967af397df22847975f89c8e017716) Importer(815301076,1909f56bfc062723c751e8b465ee728b)  -> (artifact id: 'd0d313328a012b340c1844a04a8a0348') in 0.036610 seconds 
========================================================================
Received Import Request.
  Time since last request: 0.479495 seconds.
  path: Assets/MedievalTownExteriors/Prefabs/Building_a.prefab
  artifactKey: Guid(5953515103f4b3c4dbd003cda1894775) Importer(815301076,1909f56bfc062723c751e8b465ee728b)
Start importing Assets/MedievalTownExteriors/Prefabs/Building_a.prefab using Guid(5953515103f4b3c4dbd003cda1894775) Importer(815301076,1909f56bfc062723c751e8b465ee728b)  -> (artifact id: '785289f3eaf90e889468824262d6485c') in 0.039042 seconds 
========================================================================
Received Import Request.
  Time since last request: 1.424739 seconds.
  path: Assets/MedievalTownExteriors/Prefabs/Building_b.prefab
  artifactKey: Guid(2cfb651bea8d26240aa4aa462de9d69f) Importer(815301076,1909f56bfc062723c751e8b465ee728b)
Start importing Assets/MedievalTownExteriors/Prefabs/Building_b.prefab using Guid(2cfb651bea8d26240aa4aa462de9d69f) Importer(815301076,1909f56bfc062723c751e8b465ee728b)  -> (artifact id: '0cda56d6286d618e727606522e8464a1') in 0.048330 seconds 
========================================================================
Received Import Request.
  Time since last request: 3.286805 seconds.
  path: Assets/MedievalTownExteriors/Prefabs/Building_c.prefab
  artifactKey: Guid(155108fff53c29e45ba3c3bb0c40e6bf) Importer(815301076,1909f56bfc062723c751e8b465ee728b)
Start importing Assets/MedievalTownExteriors/Prefabs/Building_c.prefab using Guid(155108fff53c29e45ba3c3bb0c40e6bf) Importer(815301076,1909f56bfc062723c751e8b465ee728b)  -> (artifact id: 'c550cbabb73ae82c46e068d0459459d1') in 0.046750 seconds 
========================================================================
Received Import Request.
  Time since last request: 0.781782 seconds.
  path: Assets/MedievalTownExteriors/Prefabs/Building_d.prefab
  artifactKey: Guid(60a80932f15a9b5428719cf63049a198) Importer(815301076,1909f56bfc062723c751e8b465ee728b)
Start importing Assets/MedievalTownExteriors/Prefabs/Building_d.prefab using Guid(60a80932f15a9b5428719cf63049a198) Importer(815301076,1909f56bfc062723c751e8b465ee728b)  -> (artifact id: '7f96f9f8bbab131a96c06b85cae14e35') in 0.037945 seconds 
========================================================================
Received Import Request.
  Time since last request: 0.560197 seconds.
  path: Assets/MedievalTownExteriors/Prefabs/Building_e.prefab
  artifactKey: Guid(b446cb707004e444d8324ec6f1c8888b) Importer(815301076,1909f56bfc062723c751e8b465ee728b)
Start importing Assets/MedievalTownExteriors/Prefabs/Building_e.prefab using Guid(b446cb707004e444d8324ec6f1c8888b) Importer(815301076,1909f56bfc062723c751e8b465ee728b)  -> (artifact id: '108b7906c2944738e885af3cf154e942') in 0.039776 seconds 
========================================================================
Received Import Request.
  Time since last request: 80.641583 seconds.
  path: Assets/MedievalTownExteriors/Prefabs/Building_f.prefab
  artifactKey: Guid(1e44e02e77bb6764c97f423cc75574da) Importer(815301076,1909f56bfc062723c751e8b465ee728b)
Start importing Assets/MedievalTownExteriors/Prefabs/Building_f.prefab using Guid(1e44e02e77bb6764c97f423cc75574da) Importer(815301076,1909f56bfc062723c751e8b465ee728b)  -> (artifact id: '536872955d10ed79b9d90ae52ee09464') in 0.041444 seconds 
========================================================================
Received Import Request.
  Time since last request: 7.358472 seconds.
  path: Assets/MedievalTownExteriors/Prefabs/Cart_a.prefab
  artifactKey: Guid(75d66a9f0f71d1749afc782d07c7ea30) Importer(815301076,1909f56bfc062723c751e8b465ee728b)
Start importing Assets/MedievalTownExteriors/Prefabs/Cart_a.prefab using Guid(75d66a9f0f71d1749afc782d07c7ea30) Importer(815301076,1909f56bfc062723c751e8b465ee728b)  -> (artifact id: 'c0ba1cc6ca8686c1a2d3db89e363bdd4') in 0.047358 seconds 
========================================================================
Received Import Request.
  Time since last request: 0.731269 seconds.
  path: Assets/MedievalTownExteriors/Prefabs/Cart_Wheel_a.prefab
  artifactKey: Guid(ffd08d298f9a9e44e9dd936fb4e3a38e) Importer(815301076,1909f56bfc062723c751e8b465ee728b)
Start importing Assets/MedievalTownExteriors/Prefabs/Cart_Wheel_a.prefab using Guid(ffd08d298f9a9e44e9dd936fb4e3a38e) Importer(815301076,1909f56bfc062723c751e8b465ee728b)  -> (artifact id: '8902fb0d18239f8c2c4b736df75e22eb') in 0.029127 seconds 
========================================================================
Received Import Request.
  Time since last request: 0.258210 seconds.
  path: Assets/MedievalTownExteriors/Prefabs/Fence_a.prefab
  artifactKey: Guid(950c0a0cf14577549b026c95956a3c99) Importer(815301076,1909f56bfc062723c751e8b465ee728b)
Start importing Assets/MedievalTownExteriors/Prefabs/Fence_a.prefab using Guid(950c0a0cf14577549b026c95956a3c99) Importer(815301076,1909f56bfc062723c751e8b465ee728b)  -> (artifact id: '5c524b57e3ee3ae2ddd6c6c8a492dc21') in 0.040375 seconds 
========================================================================
Received Import Request.
  Time since last request: 1354.924649 seconds.
  path: Assets/Blink/Art/Weapons/LowPoly/Demo/Free_RPG_Weapons_DEMO.unity
  artifactKey: Guid(0b392258de18d7a4bbb9faf7d21b7cb0) Importer(815301076,1909f56bfc062723c751e8b465ee728b)
Start importing Assets/Blink/Art/Weapons/LowPoly/Demo/Free_RPG_Weapons_DEMO.unity using Guid(0b392258de18d7a4bbb9faf7d21b7cb0) Importer(815301076,1909f56bfc062723c751e8b465ee728b)  -> (artifact id: 'fe1aafbd7c40ccab89595cfcdde2d744') in 0.031315 seconds 
========================================================================
Received Import Request.
  Time since last request: 22.452752 seconds.
  path: Assets/Scenes/Town_2.unity
  artifactKey: Guid(ae0faf1e6546b214db5a6353a4299442) Importer(815301076,1909f56bfc062723c751e8b465ee728b)
Start importing Assets/Scenes/Town_2.unity using Guid(ae0faf1e6546b214db5a6353a4299442) Importer(815301076,1909f56bfc062723c751e8b465ee728b)  -> (artifact id: '93eeedc0b5baccd292de16ab219944a2') in 0.013385 seconds 
========================================================================
Received Import Request.
  Time since last request: 583.921371 seconds.
  path: Assets/Holy Assets Games/3D The Blacksmith's House
  artifactKey: Guid(15e555f082fa8b642a9fc7ea4e7a5d2f) Importer(815301076,1909f56bfc062723c751e8b465ee728b)
Start importing Assets/Holy Assets Games/3D The Blacksmith's House using Guid(15e555f082fa8b642a9fc7ea4e7a5d2f) Importer(815301076,1909f56bfc062723c751e8b465ee728b)  -> (artifact id: '62012681e53a161284995bd39af1b133') in 0.029849 seconds 
